<?xml version="1.0" encoding="UTF-8"?>
<testng-results ignored="0" total="3" passed="3" failed="0" skipped="0">
  <reporter-output>
  </reporter-output>
  <suite started-at="2023-07-12T17:23:33 IST" name="Default suite" finished-at="2023-07-12T17:24:43 IST" duration-ms="69695">
    <groups>
    </groups>
    <test started-at="2023-07-12T17:23:33 IST" name="Default test" finished-at="2023-07-12T17:24:43 IST" duration-ms="69695">
      <class name="LoginTest">
        <test-method is-config="true" signature="setup()[pri:0, instance:LoginTest@76a4ebf2]" started-at="2023-07-12T17:23:33 IST" name="setup" finished-at="2023-07-12T17:23:36 IST" duration-ms="2912" status="PASS">
          <reporter-output>
          </reporter-output>
        </test-method> <!-- setup -->
        <test-method signature="loginTest(java.lang.String,java.lang.String)[pri:0, instance:LoginTest@76a4ebf2]" started-at="2023-07-12T17:23:37 IST" name="loginTest" data-provider="loginData" finished-at="2023-07-12T17:23:47 IST" duration-ms="10272" status="PASS">
          <params>
            <param index="0">
              <value>
                <![CDATA[kiran@gmail.com]]>
              </value>
            </param>
            <param index="1">
              <value>
                <![CDATA[abcde12345]]>
              </value>
            </param>
          </params>
          <reporter-output>
          </reporter-output>
        </test-method> <!-- loginTest -->
        <test-method signature="loginTest(java.lang.String,java.lang.String)[pri:0, instance:LoginTest@76a4ebf2]" started-at="2023-07-12T17:23:47 IST" name="loginTest" data-provider="loginData" finished-at="2023-07-12T17:24:08 IST" duration-ms="20605" status="PASS">
          <params>
            <param index="0">
              <value>
                <![CDATA[deepak@gmail.com]]>
              </value>
            </param>
            <param index="1">
              <value>
                <![CDATA[abcde12345]]>
              </value>
            </param>
          </params>
          <reporter-output>
          </reporter-output>
        </test-method> <!-- loginTest -->
        <test-method signature="loginTest(java.lang.String,java.lang.String)[pri:0, instance:LoginTest@76a4ebf2]" started-at="2023-07-12T17:24:08 IST" name="loginTest" data-provider="loginData" finished-at="2023-07-12T17:24:39 IST" duration-ms="31579" status="PASS">
          <params>
            <param index="0">
              <value>
                <![CDATA[sagarpaulkar@gmail.com]]>
              </value>
            </param>
            <param index="1">
              <value>
                <![CDATA[PkrsmM$520]]>
              </value>
            </param>
          </params>
          <reporter-output>
          </reporter-output>
        </test-method> <!-- loginTest -->
        <test-method is-config="true" signature="tearDown()[pri:0, instance:LoginTest@76a4ebf2]" started-at="2023-07-12T17:24:39 IST" name="tearDown" finished-at="2023-07-12T17:24:43 IST" duration-ms="3419" status="PASS">
          <reporter-output>
          </reporter-output>
        </test-method> <!-- tearDown -->
      </class> <!-- LoginTest -->
    </test> <!-- Default test -->
  </suite> <!-- Default suite -->
</testng-results>
